#
# There is insufficient memory for the Java Runtime Environment to continue.
# Native memory allocation (malloc) failed to allocate 1048576 bytes for AllocateHeap
# Possible reasons:
#   The system is out of physical RAM or swap space
#   The process is running with CompressedOops enabled, and the Java Heap may be blocking the growth of the native heap
# Possible solutions:
#   Reduce memory load on the system
#   Increase physical memory or swap space
#   Check if swap backing store is full
#   Decrease Java heap size (-Xmx/-Xms)
#   Decrease number of Java threads
#   Decrease Java thread stack sizes (-Xss)
#   Set larger code cache with -XX:ReservedCodeCacheSize=
#   JVM is running with Unscaled Compressed Oops mode in which the Java heap is
#     placed in the first 4GB address space. The Java Heap base address is the
#     maximum limit for the native heap growth. Please use -XX:HeapBaseMinAddress
#     to set the Java Heap base and to place the Java Heap above 4GB virtual address.
# This output file may be truncated or incomplete.
#
#  Out of Memory Error (memory/allocation.inline.hpp:61), pid=22936, tid=0x000000000000443c
#
# JRE version:  (8.0_242-b01) (build )
# Java VM: OpenJDK 64-Bit Server VM (25.242-b01 mixed mode windows-amd64 compressed oops)
# Failed to write core dump. Minidumps are not enabled by default on client versions of Windows
#

---------------  T H R E A D  ---------------

Current thread (0x00000000031b2800):  JavaThread "Unknown thread" [_thread_in_vm, id=17468, stack(0x00000000030b0000,0x00000000031b0000)]

Stack: [0x00000000030b0000,0x00000000031b0000]
[error occurred during error reporting (printing stack bounds), id 0xc0000005]

Native frames: (J=compiled Java code, j=interpreted, Vv=VM code, C=native code)


---------------  P R O C E S S  ---------------

Java Threads: ( => current thread )

Other Threads:

=>0x00000000031b2800 (exited) JavaThread "Unknown thread" [_thread_in_vm, id=17468, stack(0x00000000030b0000,0x00000000031b0000)]

VM state:not at safepoint (normal execution)

VM Mutex/Monitor currently owned by a thread: None

heap address: 0x0000000091000000, size: 1776 MB, Compressed Oops mode: 32-bit
Narrow klass base: 0x0000000000000000, Narrow klass shift: 3
Compressed class space size: 1073741824 Address: 0x0000000100000000

Heap:
 PSYoungGen      total 33280K, used 573K [0x00000000db000000, 0x00000000dd500000, 0x0000000100000000)
  eden space 28672K, 2% used [0x00000000db000000,0x00000000db08f5d0,0x00000000dcc00000)
  from space 4608K, 0% used [0x00000000dd080000,0x00000000dd080000,0x00000000dd500000)
  to   space 4608K, 0% used [0x00000000dcc00000,0x00000000dcc00000,0x00000000dd080000)
 ParOldGen       total 76800K, used 0K [0x0000000091000000, 0x0000000095b00000, 0x00000000db000000)
  object space 76800K, 0% used [0x0000000091000000,0x0000000091000000,0x0000000095b00000)
 Metaspace       used 779K, capacity 4480K, committed 4480K, reserved 1056768K
  class space    used 74K, capacity 384K, committed 384K, reserved 1048576K

Card table byte_map: [0x0000000012670000,0x00000000129f0000] byte_map_base: 0x00000000121e8000

Marking Bits: (ParMarkBitMap*) 0x0000000076aaf030
 Begin Bits: [0x0000000013440000, 0x0000000015000000)
 End Bits:   [0x0000000015000000, 0x0000000016bc0000)

Polling page: 0x0000000001280000

CodeCache: size=245760Kb used=327Kb max_used=327Kb free=245432Kb
 bounds [0x00000000032b0000, 0x0000000003520000, 0x00000000122b0000]
 total_blobs=56 nmethods=0 adapters=38
 compilation: enabled

Compilation events (0 events):
No events

GC Heap History (0 events):
No events

Deoptimization events (0 events):
No events

Classes redefined (0 events):
No events

Internal exceptions (0 events):
No events

Events (10 events):
Event: 0.044 loading class java/lang/Short
Event: 0.044 loading class java/lang/Short done
Event: 0.044 loading class java/lang/Integer
Event: 0.044 loading class java/lang/Integer done
Event: 0.044 loading class java/lang/Long
Event: 0.045 loading class java/lang/Long done
Event: 0.046 loading class java/lang/NullPointerException
Event: 0.046 loading class java/lang/NullPointerException done
Event: 0.046 loading class java/lang/ArithmeticException
Event: 0.046 loading class java/lang/ArithmeticException done


Dynamic libraries:
0x00007ff7cb1c0000 - 0x00007ff7cb1f1000 	C:\Program Files\Android\Android Studio\jre\jre\bin\java.exe
0x00007ffdd6d80000 - 0x00007ffdd6f70000 	C:\Windows\SYSTEM32\ntdll.dll
0x00007ffdd63c0000 - 0x00007ffdd6472000 	C:\Windows\System32\KERNEL32.DLL
0x00007ffdd40c0000 - 0x00007ffdd4365000 	C:\Windows\System32\KERNELBASE.dll
0x00007ffdd5850000 - 0x00007ffdd58f3000 	C:\Windows\System32\ADVAPI32.dll
0x00007ffdd4e30000 - 0x00007ffdd4ece000 	C:\Windows\System32\msvcrt.dll
0x00007ffdd4ff0000 - 0x00007ffdd5087000 	C:\Windows\System32\sechost.dll
0x00007ffdd4ed0000 - 0x00007ffdd4fef000 	C:\Windows\System32\RPCRT4.dll
0x00007ffdd5090000 - 0x00007ffdd5224000 	C:\Windows\System32\USER32.dll
0x00007ffdd4090000 - 0x00007ffdd40b1000 	C:\Windows\System32\win32u.dll
0x00007ffdd5320000 - 0x00007ffdd5346000 	C:\Windows\System32\GDI32.dll
0x00007ffdd3d00000 - 0x00007ffdd3e98000 	C:\Windows\System32\gdi32full.dll
0x00007ffdd3ff0000 - 0x00007ffdd408e000 	C:\Windows\System32\msvcp_win.dll
0x00007ffdd4cb0000 - 0x00007ffdd4daa000 	C:\Windows\System32\ucrtbase.dll
0x00007ffdbf7f0000 - 0x00007ffdbfa74000 	C:\Windows\WinSxS\amd64_microsoft.windows.common-controls_6595b64144ccf1df_6.0.18362.1379_none_9e7ff3b3e45cc0c4\COMCTL32.dll
0x00007ffdd5c10000 - 0x00007ffdd5f47000 	C:\Windows\System32\combase.dll
0x00007ffdd4420000 - 0x00007ffdd44a1000 	C:\Windows\System32\bcryptPrimitives.dll
0x00007ffdd5230000 - 0x00007ffdd525e000 	C:\Windows\System32\IMM32.DLL
0x0000000077d60000 - 0x0000000077e32000 	C:\Program Files\Android\Android Studio\jre\jre\bin\msvcr100.dll
0x00000000762e0000 - 0x0000000076b2b000 	C:\Program Files\Android\Android Studio\jre\jre\bin\server\jvm.dll
0x00007ffdd5900000 - 0x00007ffdd5908000 	C:\Windows\System32\PSAPI.DLL
0x00007ffdc4770000 - 0x00007ffdc477a000 	C:\Windows\SYSTEM32\VERSION.dll
0x00007ffdc9e40000 - 0x00007ffdc9e64000 	C:\Windows\SYSTEM32\WINMM.dll
0x00007ffdcec30000 - 0x00007ffdcec39000 	C:\Windows\SYSTEM32\WSOCK32.dll
0x00007ffdd59c0000 - 0x00007ffdd5a2f000 	C:\Windows\System32\WS2_32.dll
0x00007ffdc9e10000 - 0x00007ffdc9e3d000 	C:\Windows\SYSTEM32\winmmbase.dll
0x00007ffdd4c60000 - 0x00007ffdd4caa000 	C:\Windows\System32\cfgmgr32.dll
0x00007ffdcd9a0000 - 0x00007ffdcd9af000 	C:\Program Files\Android\Android Studio\jre\jre\bin\verify.dll
0x00007ffdb9ee0000 - 0x00007ffdb9f09000 	C:\Program Files\Android\Android Studio\jre\jre\bin\java.dll
0x00007ffdba5c0000 - 0x00007ffdba5d6000 	C:\Program Files\Android\Android Studio\jre\jre\bin\zip.dll

VM Arguments:
java_command: org.jetbrains.git4idea.http.GitAskPassApp Username for 'https://github.com': 
java_class_path (initial): C:/Program Files/Android/Android Studio/plugins/git4idea/lib/git4idea-rt.jar;C:/Program Files/Android/Android Studio/lib/xmlrpc-2.0.1.jar;C:/Program Files/Android/Android Studio/lib/commons-codec-1.14.jar;C:/Program Files/Android/Android Studio/lib/util.jar
Launcher Type: SUN_STANDARD

Environment Variables:
PATH=C:\Program Files\Git\mingw64\libexec\git-core;C:\Program Files\Git\mingw64\libexec\git-core;C:\Program Files\Git\mingw64\bin;C:\Program Files\Git\usr\bin;C:\Users\zehra\bin;C:\Windows\system32;C:\Windows;C:\Windows\System32\Wbem;C:\Windows\System32\WindowsPowerShell\v1.0;C:\Windows\System32\OpenSSH;C:\Program Files\Git\cmd;C:\Program Files\PuTTY;C:\Users\zehra\AppData\Local\Microsoft\WindowsApps;D:\src\flutter\bin
USERNAME=zehra
DISPLAY=:0.0
OS=Windows_NT
PROCESSOR_IDENTIFIER=AMD64 Family 23 Model 24 Stepping 1, AuthenticAMD



---------------  S Y S T E M  ---------------

OS: Windows 10.0 , 64 bit Build 18362 (10.0.18362.1350)

CPU:total 8 (initial active 8) (8 cores per cpu, 1 threads per core) family 23 model 24 stepping 1, cmov, cx8, fxsr, mmx, sse, sse2, sse3, ssse3, sse4.1, sse4.2, popcnt, avx, avx2, aes, clmul, mmxext, 3dnowpref, lzcnt, sse4a, tsc, tscinvbit, tscinv, bmi1

Memory: 4k page, physical 7274124k(694668k free), swap 25999112k(6136k free)

vm_info: OpenJDK 64-Bit Server VM (25.242-b01) for windows-amd64 JRE (1.8.0_242-release-1644-b01), built by "builder" with MS VC++ 10.0 (VS2010)

time: Fri Mar 26 15:15:21 2021
timezone: Türkiye Standart Saati
elapsed time: 0 seconds (0d 0h 0m 0s)

